[2026-06-27 07:25:31] local.ERROR: SQLSTATE[42P01]: Undefined table: 7 ERROR:  relation "cache" does not exist
LINE 1: delete from "cache"
                    ^ (Connection: pgsql, SQL: delete from "cache") {"exception":"[object] (Illuminate\\Database\\QueryException(code: 42P01): SQLSTATE[42P01]: Undefined table: 7 ERROR:  relation \"cache\" does not exist
LINE 1: delete from \"cache\"
                    ^ (Connection: pgsql, SQL: delete from \"cache\") at C:/Users/Star Angel/Downloads/yql-dna-portal-laravel11/yql-dna-portal/vendor/laravel/framework/src/Illuminate/Database/Connection.php:825)
[stacktrace]
#0 C:/Users/Star Angel/Downloads/yql-dna-portal-laravel11/yql-dna-portal/vendor/laravel/framework/src/Illuminate/Database/Connection.php(779): Illuminate/Database/Connection->runQueryCallback()
#1 C:/Users/Star Angel/Downloads/yql-dna-portal-laravel11/yql-dna-portal/vendor/laravel/framework/src/Illuminate/Database/Connection.php(584): Illuminate/Database/Connection->run()
#2 C:/Users/Star Angel/Downloads/yql-dna-portal-laravel11/yql-dna-portal/vendor/laravel/framework/src/Illuminate/Database/Connection.php(548): Illuminate/Database/Connection->affectingStatement()
#3 C:/Users/Star Angel/Downloads/yql-dna-portal-laravel11/yql-dna-portal/vendor/laravel/framework/src/Illuminate/Database/Query/Builder.php(4024): Illuminate/Database/Connection->delete()
#4 C:/Users/Star Angel/Downloads/yql-dna-portal-laravel11/yql-dna-portal/vendor/laravel/framework/src/Illuminate/Cache/DatabaseStore.php(422): Illuminate/Database/Query/Builder->delete()
#5 C:/Users/Star Angel/Downloads/yql-dna-portal-laravel11/yql-dna-portal/vendor/laravel/framework/src/Illuminate/Cache/Repository.php(792): Illuminate/Cache/DatabaseStore->flush()
#6 C:/Users/Star Angel/Downloads/yql-dna-portal-laravel11/yql-dna-portal/vendor/laravel/framework/src/Illuminate/Cache/Console/ClearCommand.php(69): Illuminate/Cache/Repository->__call()
#7 C:/Users/Star Angel/Downloads/yql-dna-portal-laravel11/yql-dna-portal/vendor/laravel/framework/src/Illuminate/Container/BoundMethod.php(36): Illuminate/Cache/Console/ClearCommand->handle()
#8 C:/Users/Star Angel/Downloads/yql-dna-portal-laravel11/yql-dna-portal/vendor/laravel/framework/src/Illuminate/Container/Util.php(43): Illuminate/Container/BoundMethod::{closure:Illuminate/Container/BoundMethod::call():35}()
#9 C:/Users/Star Angel/Downloads/yql-dna-portal-laravel11/yql-dna-portal/vendor/laravel/framework/src/Illuminate/Container/BoundMethod.php(95): Illuminate/Container/Util::unwrapIfClosure()
#10 C:/Users/Star Angel/Downloads/yql-dna-portal-laravel11/yql-dna-portal/vendor/laravel/framework/src/Illuminate/Container/BoundMethod.php(35): Illuminate/Container/BoundMethod::callBoundMethod()
#11 C:/Users/Star Angel/Downloads/yql-dna-portal-laravel11/yql-dna-portal/vendor/laravel/framework/src/Illuminate/Container/Container.php(696): Illuminate/Container/BoundMethod::call()
#12 C:/Users/Star Angel/Downloads/yql-dna-portal-laravel11/yql-dna-portal/vendor/laravel/framework/src/Illuminate/Console/Command.php(213): Illuminate/Container/Container->call()
#13 C:/Users/Star Angel/Downloads/yql-dna-portal-laravel11/yql-dna-portal/vendor/symfony/console/Command/Command.php(341): Illuminate/Console/Command->execute()
#14 C:/Users/Star Angel/Downloads/yql-dna-portal-laravel11/yql-dna-portal/vendor/laravel/framework/src/Illuminate/Console/Command.php(182): Symfony/Component/Console/Command/Command->run()
#15 C:/Users/Star Angel/Downloads/yql-dna-portal-laravel11/yql-dna-portal/vendor/symfony/console/Application.php(1117): Illuminate/Console/Command->run()
#16 C:/Users/Star Angel/Downloads/yql-dna-portal-laravel11/yql-dna-portal/vendor/symfony/console/Application.php(356): Symfony/Component/Console/Application->doRunCommand()
#17 C:/Users/Star Angel/Downloads/yql-dna-portal-laravel11/yql-dna-portal/vendor/symfony/console/Application.php(195): Symfony/Component/Console/Application->doRun()
#18 C:/Users/Star Angel/Downloads/yql-dna-portal-laravel11/yql-dna-portal/vendor/laravel/framework/src/Illuminate/Foundation/Console/Kernel.php(198): Symfony/Component/Console/Application->run()
#19 C:/Users/Star Angel/Downloads/yql-dna-portal-laravel11/yql-dna-portal/vendor/laravel/framework/src/Illuminate/Foundation/Application.php(1235): Illuminate/Foundation/Console/Kernel->handle()
#20 C:/Users/Star Angel/Downloads/yql-dna-portal-laravel11/yql-dna-portal/artisan(15): Illuminate/Foundation/Application->handleCommand()
#21 {main}

[previous exception] [object] (PDOException(code: 42P01): SQLSTATE[42P01]: Undefined table: 7 ERROR:  relation \"cache\" does not exist
LINE 1: delete from \"cache\"
                    ^ at C:/Users/Star Angel/Downloads/yql-dna-portal-laravel11/yql-dna-portal/vendor/laravel/framework/src/Illuminate/Database/Connection.php:596)
[stacktrace]
#0 C:/Users/Star Angel/Downloads/yql-dna-portal-laravel11/yql-dna-portal/vendor/laravel/framework/src/Illuminate/Database/Connection.php(596): PDOStatement->execute()
#1 C:/Users/Star Angel/Downloads/yql-dna-portal-laravel11/yql-dna-portal/vendor/laravel/framework/src/Illuminate/Database/Connection.php(812): Illuminate/Database/Connection->{closure:Illuminate/Database/Connection::affectingStatement():584}()
#2 C:/Users/Star Angel/Downloads/yql-dna-portal-laravel11/yql-dna-portal/vendor/laravel/framework/src/Illuminate/Database/Connection.php(779): Illuminate/Database/Connection->runQueryCallback()
#3 C:/Users/Star Angel/Downloads/yql-dna-portal-laravel11/yql-dna-portal/vendor/laravel/framework/src/Illuminate/Database/Connection.php(584): Illuminate/Database/Connection->run()
#4 C:/Users/Star Angel/Downloads/yql-dna-portal-laravel11/yql-dna-portal/vendor/laravel/framework/src/Illuminate/Database/Connection.php(548): Illuminate/Database/Connection->affectingStatement()
#5 C:/Users/Star Angel/Downloads/yql-dna-portal-laravel11/yql-dna-portal/vendor/laravel/framework/src/Illuminate/Database/Query/Builder.php(4024): Illuminate/Database/Connection->delete()
#6 C:/Users/Star Angel/Downloads/yql-dna-portal-laravel11/yql-dna-portal/vendor/laravel/framework/src/Illuminate/Cache/DatabaseStore.php(422): Illuminate/Database/Query/Builder->delete()
#7 C:/Users/Star Angel/Downloads/yql-dna-portal-laravel11/yql-dna-portal/vendor/laravel/framework/src/Illuminate/Cache/Repository.php(792): Illuminate/Cache/DatabaseStore->flush()
#8 C:/Users/Star Angel/Downloads/yql-dna-portal-laravel11/yql-dna-portal/vendor/laravel/framework/src/Illuminate/Cache/Console/ClearCommand.php(69): Illuminate/Cache/Repository->__call()
#9 C:/Users/Star Angel/Downloads/yql-dna-portal-laravel11/yql-dna-portal/vendor/laravel/framework/src/Illuminate/Container/BoundMethod.php(36): Illuminate/Cache/Console/ClearCommand->handle()
#10 C:/Users/Star Angel/Downloads/yql-dna-portal-laravel11/yql-dna-portal/vendor/laravel/framework/src/Illuminate/Container/Util.php(43): Illuminate/Container/BoundMethod::{closure:Illuminate/Container/BoundMethod::call():35}()
#11 C:/Users/Star Angel/Downloads/yql-dna-portal-laravel11/yql-dna-portal/vendor/laravel/framework/src/Illuminate/Container/BoundMethod.php(95): Illuminate/Container/Util::unwrapIfClosure()
#12 C:/Users/Star Angel/Downloads/yql-dna-portal-laravel11/yql-dna-portal/vendor/laravel/framework/src/Illuminate/Container/BoundMethod.php(35): Illuminate/Container/BoundMethod::callBoundMethod()
#13 C:/Users/Star Angel/Downloads/yql-dna-portal-laravel11/yql-dna-portal/vendor/laravel/framework/src/Illuminate/Container/Container.php(696): Illuminate/Container/BoundMethod::call()
#14 C:/Users/Star Angel/Downloads/yql-dna-portal-laravel11/yql-dna-portal/vendor/laravel/framework/src/Illuminate/Console/Command.php(213): Illuminate/Container/Container->call()
#15 C:/Users/Star Angel/Downloads/yql-dna-portal-laravel11/yql-dna-portal/vendor/symfony/console/Command/Command.php(341): Illuminate/Console/Command->execute()
#16 C:/Users/Star Angel/Downloads/yql-dna-portal-laravel11/yql-dna-portal/vendor/laravel/framework/src/Illuminate/Console/Command.php(182): Symfony/Component/Console/Command/Command->run()
#17 C:/Users/Star Angel/Downloads/yql-dna-portal-laravel11/yql-dna-portal/vendor/symfony/console/Application.php(1117): Illuminate/Console/Command->run()
#18 C:/Users/Star Angel/Downloads/yql-dna-portal-laravel11/yql-dna-portal/vendor/symfony/console/Application.php(356): Symfony/Component/Console/Application->doRunCommand()
#19 C:/Users/Star Angel/Downloads/yql-dna-portal-laravel11/yql-dna-portal/vendor/symfony/console/Application.php(195): Symfony/Component/Console/Application->doRun()
#20 C:/Users/Star Angel/Downloads/yql-dna-portal-laravel11/yql-dna-portal/vendor/laravel/framework/src/Illuminate/Foundation/Console/Kernel.php(198): Symfony/Component/Console/Application->run()
#21 C:/Users/Star Angel/Downloads/yql-dna-portal-laravel11/yql-dna-portal/vendor/laravel/framework/src/Illuminate/Foundation/Application.php(1235): Illuminate/Foundation/Console/Kernel->handle()
#22 C:/Users/Star Angel/Downloads/yql-dna-portal-laravel11/yql-dna-portal/artisan(15): Illuminate/Foundation/Application->handleCommand()
#23 {main}
"} 
